[0.142s] Invoking command in '/home/pulak/ros2_workspace/build/sonar_slam_bringup': /usr/bin/cmake --build /home/pulak/ros2_workspace/build/sonar_slam_bringup -- -j8 -l8
[0.179s] -- Found ament_cmake: 1.3.5 (/opt/ros/humble/share/ament_cmake/cmake)
[0.347s] -- Override CMake install command with custom implementation using symlinks instead of copying resources
[0.414s] Error parsing '/home/pulak/ros2_workspace/src/sonar_slam_bringup/package.xml':
[0.480s] Traceback (most recent call last):
[0.481s]   File "/opt/ros/humble/share/ament_cmake_core/cmake/core/package_xml_2_cmake.py", line 150, in <module>
[0.481s]     main()
[0.481s]   File "/opt/ros/humble/share/ament_cmake_core/cmake/core/package_xml_2_cmake.py", line 53, in main
[0.481s]     raise e
[0.481s]   File "/opt/ros/humble/share/ament_cmake_core/cmake/core/package_xml_2_cmake.py", line 49, in main
[0.482s]     package = parse_package_string(
[0.482s]   File "/usr/lib/python3/dist-packages/catkin_pkg/package.py", line 786, in parse_package_string
[0.482s]     raise InvalidPackage('Error(s):%s' % (''.join(['\n- %s' % e for e in errors])), filename)
[0.482s] catkin_pkg.package.InvalidPackage: Error(s) in package '/home/pulak/ros2_workspace/src/sonar_slam_bringup/package.xml':
[0.482s] Error(s):
[0.482s] - The manifest of package "sonar_slam_bringup" (with format version 3) must not contain the following tags: exac_depend
[0.504s] [31mCMake Error at /opt/ros/humble/share/ament_cmake_core/cmake/core/ament_package_xml.cmake:95 (message):
[0.504s]   execute_process(/usr/bin/python3.10
[0.504s]   /opt/ros/humble/share/ament_cmake_core/cmake/core/package_xml_2_cmake.py
[0.504s]   /home/pulak/ros2_workspace/src/sonar_slam_bringup/package.xml
[0.504s]   /home/pulak/ros2_workspace/build/sonar_slam_bringup/ament_cmake_core/package.cmake)
[0.504s]   returned error code 1
[0.504s] Call Stack (most recent call first):
[0.504s]   /opt/ros/humble/share/ament_cmake_core/cmake/core/ament_package_xml.cmake:49 (_ament_package_xml)
[0.504s]   /opt/ros/humble/share/ament_cmake_core/cmake/core/ament_package.cmake:63 (ament_package_xml)
[0.504s]   CMakeLists.txt:16 (ament_package)
[0.504s] 
[0.504s] [0m
[0.504s] -- Configuring incomplete, errors occurred!
[0.505s] See also "/home/pulak/ros2_workspace/build/sonar_slam_bringup/CMakeFiles/CMakeOutput.log".
[0.510s] gmake: *** [Makefile:226: cmake_check_build_system] Error 1
[0.516s] Invoked command in '/home/pulak/ros2_workspace/build/sonar_slam_bringup' returned '2': /usr/bin/cmake --build /home/pulak/ros2_workspace/build/sonar_slam_bringup -- -j8 -l8
